<?xml version="1.0" encoding="utf-8"?><testsuites name="pytest tests"><testsuite name="pytest" errors="0" failures="0" skipped="0" tests="24" time="8.317" timestamp="2026-09-22T10:02:22.277224+00:00" hostname="agent-env-85dbae92-cb58-41a1-b414-57bd56cfcec6"><testcase classname="tests.backend_test" name="test_health" time="0.217" /><testcase classname="tests.backend_test" name="test_login_bad_credentials" time="0.208" /><testcase classname="tests.backend_test" name="test_login_roles" time="0.616" /><testcase classname="tests.backend_test" name="test_cashier_forbidden_reports" time="0.115" /><testcase classname="tests.backend_test" name="test_cashier_forbidden_stock_purchase" time="0.116" /><testcase classname="tests.backend_test" name="test_cashier_forbidden_suppliers_create" time="0.135" /><testcase classname="tests.backend_test" name="test_admin_can_access_reports" time="0.123" /><testcase classname="tests.backend_test" name="test_pharma_can_access_reports" time="0.126" /><testcase classname="tests.backend_test" name="test_list_medicines" time="0.122" /><testcase classname="tests.backend_test" name="test_medicine_search" time="0.128" /><testcase classname="tests.backend_test" name="test_medicine_create_update_delete" time="0.566" /><testcase classname="tests.backend_test" name="test_pharma_cannot_delete_medicine" time="0.397" /><testcase classname="tests.backend_test" name="test_suppliers_crud" time="0.443" /><testcase classname="tests.backend_test" name="test_customers_crud" time="0.422" /><testcase classname="tests.backend_test" name="test_prescription_list" time="0.146" /><testcase classname="tests.backend_test" name="test_purchase_creates_batch_and_increases_stock" time="0.557" /><testcase classname="tests.backend_test" name="test_purchase_rejects_past_expiry" time="0.397" /><testcase classname="tests.backend_test" name="test_batches_endpoint" time="0.436" /><testcase classname="tests.backend_test" name="test_sale_normal_medicine_success" time="0.252" /><testcase classname="tests.backend_test" name="test_sale_rx_without_prescription_blocked" time="0.299" /><testcase classname="tests.backend_test" name="test_sale_insufficient_stock_blocked" time="0.542" /><testcase classname="tests.backend_test" name="test_sale_with_prescription_success" time="0.405" /><testcase classname="tests.backend_test" name="test_reports_endpoints" time="0.733" /><testcase classname="tests.backend_test" name="test_sales_history" time="0.274" /></testsuite></testsuites>